\BOOKMARK [1][-]{section.1}{Global Illumination}{}% 1
\BOOKMARK [2][-]{subsection.1.1}{Physically correct methods}{section.1}% 2
\BOOKMARK [3][-]{subsubsection.1.1.1}{Pathtracing}{subsection.1.1}% 3
\BOOKMARK [2][-]{subsection.1.2}{Computational difficulties of physically correct methods}{section.1}% 4
\BOOKMARK [1][-]{section.2}{Deferred Rendering}{}% 5
\BOOKMARK [2][-]{subsection.2.1}{How deferred rendering handles lighting more efficiently}{section.2}% 6
\BOOKMARK [2][-]{subsection.2.2}{Deferred Shading}{section.2}% 7
\BOOKMARK [1][-]{section.3}{Geometry-buffer \(g-buffer\)}{}% 8
\BOOKMARK [2][-]{subsection.3.1}{Frame-Buffer}{section.3}% 9
\BOOKMARK [2][-]{subsection.3.2}{Z-Buffer}{section.3}% 10
\BOOKMARK [2][-]{subsection.3.3}{Normal-Buffer}{section.3}% 11
\BOOKMARK [2][-]{subsection.3.4}{Computing local illumination using g-buffers}{section.3}% 12
\BOOKMARK [1][-]{section.4}{Deep G-Buffer}{}% 13
\BOOKMARK [2][-]{subsection.4.1}{Concept}{section.4}% 14
\BOOKMARK [2][-]{subsection.4.2}{How Deep G-Buffers approximate visual effects}{section.4}% 15
\BOOKMARK [1][-]{section.5}{Visual effects}{}% 16
\BOOKMARK [2][-]{subsection.5.1}{Ambient occlusion}{section.5}% 17
\BOOKMARK [2][-]{subsection.5.2}{Color bleeding}{section.5}% 18
\BOOKMARK [2][-]{subsection.5.3}{Soft shadows}{section.5}% 19
\BOOKMARK [2][-]{subsection.5.4}{Transparency}{section.5}% 20
\BOOKMARK [2][-]{subsection.5.5}{Reflection}{section.5}% 21
\BOOKMARK [1][-]{section.6}{Performance and Output Comparison}{}% 22
\BOOKMARK [2][-]{subsection.6.1}{Deep G-Buffers vs Pathtracing}{section.6}% 23
